<mappings xmlns="http://dozer.sourceforge.net" 
  xmlns:xsi="http://www.w3.org/2001/XMLSchema-instance"
  xsi:schemaLocation="http://dozer.sourceforge.net http://dozer.sourceforge.net/schema/beanmapping.xsd">
  <configuration>
    <variables>
      <variable name="CUST_ID">ACME-SALES</variable>
    </variables>
  </configuration>
  <mapping>
    <class-a>org.apache.camel.component.dozer.VariableMapper</class-a>
    <class-b>cn.com.git.udmp.calc.camel.mappings.Order</class-b>
    <field custom-converter-id="_variableMapping" custom-converter-param="${CUST_ID}">
      <a>literal</a>
      <b>custId</b>
    </field>
  </mapping>
</mappings>